SF:lib\async_either_extended\async_either_extended.dart
DA:13,2
DA:14,6
DA:16,1
DA:17,3
DA:19,1
DA:20,1
DA:21,1
DA:22,1
DA:23,5
DA:27,2
DA:29,2
DA:30,2
DA:31,8
DA:34,0
DA:35,0
LF:15
LH:13
end_of_record
SF:lib\either_extended\either_extended.dart
DA:22,0
DA:28,6
DA:30,2
DA:32,4
DA:36,0
DA:39,1
DA:40,2
DA:42,2
DA:44,4
DA:46,2
DA:47,4
DA:49,0
DA:50,0
DA:52,1
DA:59,6
DA:61,0
DA:64,1
DA:66,2
DA:70,1
DA:71,3
DA:73,2
DA:75,6
DA:77,2
DA:78,4
DA:80,1
DA:81,1
DA:83,1
LF:27
LH:22
end_of_record
SF:lib\extensions\conversions_extensions.dart
DA:9,3
DA:11,9
DA:12,9
DA:13,0
DA:19,8
DA:23,2
DA:24,8
DA:28,0
DA:32,0
LF:9
LH:6
end_of_record
